# JRE version: Java(TM) SE Runtime Environment (8.0_77-b03) (build 1.8.0_77-b03)
# Java VM: Java HotSpot(TM) 64-Bit Server VM (25.77-b03 mixed mode windows-amd64 compressed oops)
Heap:
 PSYoungGen      total 284672K, used 44318K [0x0000000715b00000, 0x0000000738700000, 0x00000007c0000000)
  eden space 263168K, 16% used [0x0000000715b00000,0x0000000718647ab8,0x0000000725c00000)
  from space 21504K, 0% used [0x0000000725c00000,0x0000000725c00000,0x0000000727100000)
  to   space 21504K, 0% used [0x0000000737200000,0x0000000737200000,0x0000000738700000)
 ParOldGen       total 362496K, used 116485K [0x00000005c1000000, 0x00000005d7200000, 0x0000000715b00000)
  object space 362496K, 32% used [0x00000005c1000000,0x00000005c81c16b8,0x00000005d7200000)
 Metaspace       used 27312K, capacity 28316K, committed 28720K, reserved 1073152K
  class space    used 5484K, capacity 5589K, committed 5680K, reserved 1048576K
GC Heap History (8 events):
Event: 1.907 GC heap before
{Heap before GC invocations=1 (full 0):
 PSYoungGen      total 153088K, used 131584K [0x0000000715b00000, 0x0000000720580000, 0x00000007c0000000)
  eden space 131584K, 100% used [0x0000000715b00000,0x000000071db80000,0x000000071db80000)
  from space 21504K, 0% used [0x000000071f080000,0x000000071f080000,0x0000000720580000)
  to   space 21504K, 0% used [0x000000071db80000,0x000000071db80000,0x000000071f080000)
 ParOldGen       total 349696K, used 0K [0x00000005c1000000, 0x00000005d6580000, 0x0000000715b00000)
  object space 349696K, 0% used [0x00000005c1000000,0x00000005c1000000,0x00000005d6580000)
 Metaspace       used 14665K, capacity 14788K, committed 15104K, reserved 1060864K
  class space    used 3204K, capacity 3250K, committed 3328K, reserved 1048576K
Event: 1.934 GC heap after
Heap after GC invocations=1 (full 0):
 PSYoungGen      total 153088K, used 21490K [0x0000000715b00000, 0x0000000728600000, 0x00000007c0000000)
  eden space 131584K, 0% used [0x0000000715b00000,0x0000000715b00000,0x000000071db80000)
  from space 21504K, 99% used [0x000000071db80000,0x000000071f07c9d8,0x000000071f080000)
  to   space 21504K, 0% used [0x0000000727100000,0x0000000727100000,0x0000000728600000)
 ParOldGen       total 349696K, used 22341K [0x00000005c1000000, 0x00000005d6580000, 0x0000000715b00000)
  object space 349696K, 6% used [0x00000005c1000000,0x00000005c25d1558,0x00000005d6580000)
 Metaspace       used 14665K, capacity 14788K, committed 15104K, reserved 1060864K
  class space    used 3204K, capacity 3250K, committed 3328K, reserved 1048576K
}
Event: 2.284 GC heap before
{Heap before GC invocations=2 (full 0):
 PSYoungGen      total 153088K, used 153074K [0x0000000715b00000, 0x0000000728600000, 0x00000007c0000000)
  eden space 131584K, 100% used [0x0000000715b00000,0x000000071db80000,0x000000071db80000)
  from space 21504K, 99% used [0x000000071db80000,0x000000071f07c9d8,0x000000071f080000)
  to   space 21504K, 0% used [0x0000000727100000,0x0000000727100000,0x0000000728600000)
 ParOldGen       total 349696K, used 22341K [0x00000005c1000000, 0x00000005d6580000, 0x0000000715b00000)
  object space 349696K, 6% used [0x00000005c1000000,0x00000005c25d1558,0x00000005d6580000)
 Metaspace       used 15913K, capacity 16122K, committed 16256K, reserved 1062912K
  class space    used 3592K, capacity 3619K, committed 3712K, reserved 1048576K
Event: 2.315 GC heap after
Heap after GC invocations=2 (full 0):
 PSYoungGen      total 284672K, used 21500K [0x0000000715b00000, 0x0000000728600000, 0x00000007c0000000)
  eden space 263168K, 0% used [0x0000000715b00000,0x0000000715b00000,0x0000000725c00000)
  from space 21504K, 99% used [0x0000000727100000,0x00000007285ff2a0,0x0000000728600000)
  to   space 21504K, 0% used [0x0000000725c00000,0x0000000725c00000,0x0000000727100000)
 ParOldGen       total 349696K, used 68276K [0x00000005c1000000, 0x00000005d6580000, 0x0000000715b00000)
  object space 349696K, 19% used [0x00000005c1000000,0x00000005c52ad330,0x00000005d6580000)
 Metaspace       used 15913K, capacity 16122K, committed 16256K, reserved 1062912K
  class space    used 3592K, capacity 3619K, committed 3712K, reserved 1048576K
}
Event: 4.123 GC heap before
{Heap before GC invocations=3 (full 0):
 PSYoungGen      total 284672K, used 226523K [0x0000000715b00000, 0x0000000728600000, 0x00000007c0000000)
  eden space 263168K, 77% used [0x0000000715b00000,0x0000000722337990,0x0000000725c00000)
  from space 21504K, 99% used [0x0000000727100000,0x00000007285ff2a0,0x0000000728600000)
  to   space 21504K, 0% used [0x0000000725c00000,0x0000000725c00000,0x0000000727100000)
 ParOldGen       total 349696K, used 68276K [0x00000005c1000000, 0x00000005d6580000, 0x0000000715b00000)
  object space 349696K, 19% used [0x00000005c1000000,0x00000005c52ad330,0x00000005d6580000)
 Metaspace       used 20255K, capacity 21210K, committed 21296K, reserved 1067008K
  class space    used 4317K, capacity 4370K, committed 4400K, reserved 1048576K
Event: 4.155 GC heap after
Heap after GC invocations=3 (full 0):
 PSYoungGen      total 284672K, used 21474K [0x0000000715b00000, 0x0000000738700000, 0x00000007c0000000)
  eden space 263168K, 0% used [0x0000000715b00000,0x0000000715b00000,0x0000000725c00000)
  from space 21504K, 99% used [0x0000000725c00000,0x00000007270f89e0,0x0000000727100000)
  to   space 21504K, 0% used [0x0000000737200000,0x0000000737200000,0x0000000738700000)
 ParOldGen       total 349696K, used 102494K [0x00000005c1000000, 0x00000005d6580000, 0x0000000715b00000)
  object space 349696K, 29% used [0x00000005c1000000,0x00000005c7417b70,0x00000005d6580000)
 Metaspace       used 20255K, capacity 21210K, committed 21296K, reserved 1067008K
  class space    used 4317K, capacity 4370K, committed 4400K, reserved 1048576K
}
Event: 4.155 GC heap before
{Heap before GC invocations=4 (full 1):
 PSYoungGen      total 284672K, used 21474K [0x0000000715b00000, 0x0000000738700000, 0x00000007c0000000)
  eden space 263168K, 0% used [0x0000000715b00000,0x0000000715b00000,0x0000000725c00000)
  from space 21504K, 99% used [0x0000000725c00000,0x00000007270f89e0,0x0000000727100000)
  to   space 21504K, 0% used [0x0000000737200000,0x0000000737200000,0x0000000738700000)
 ParOldGen       total 349696K, used 102494K [0x00000005c1000000, 0x00000005d6580000, 0x0000000715b00000)
  object space 349696K, 29% used [0x00000005c1000000,0x00000005c7417b70,0x00000005d6580000)
 Metaspace       used 20255K, capacity 21210K, committed 21296K, reserved 1067008K
  class space    used 4317K, capacity 4370K, committed 4400K, reserved 1048576K
Event: 4.325 GC heap after
Heap after GC invocations=4 (full 1):
 PSYoungGen      total 284672K, used 0K [0x0000000715b00000, 0x0000000738700000, 0x00000007c0000000)
  eden space 263168K, 0% used [0x0000000715b00000,0x0000000715b00000,0x0000000725c00000)
  from space 21504K, 0% used [0x0000000725c00000,0x0000000725c00000,0x0000000727100000)
  to   space 21504K, 0% used [0x0000000737200000,0x0000000737200000,0x0000000738700000)
 ParOldGen       total 362496K, used 116485K [0x00000005c1000000, 0x00000005d7200000, 0x0000000715b00000)
  object space 362496K, 32% used [0x00000005c1000000,0x00000005c81c16b8,0x00000005d7200000)
 Metaspace       used 20194K, capacity 21050K, committed 21296K, reserved 1067008K
  class space    used 4315K, capacity 4362K, committed 4400K, reserved 1048576K
}

