# JRE version: Java(TM) SE Runtime Environment (8.0_77-b03) (build 1.8.0_77-b03)
# Java VM: Java HotSpot(TM) 64-Bit Server VM (25.77-b03 mixed mode windows-amd64 compressed oops)
Heap:
 PSYoungGen      total 284672K, used 13878K [0x0000000715b00000, 0x0000000738700000, 0x00000007c0000000)
  eden space 263168K, 5% used [0x0000000715b00000,0x000000071688da80,0x0000000725c00000)
  from space 21504K, 0% used [0x0000000725c00000,0x0000000725c00000,0x0000000727100000)
  to   space 21504K, 0% used [0x0000000737200000,0x0000000737200000,0x0000000738700000)
 ParOldGen       total 365568K, used 116238K [0x00000005c1000000, 0x00000005d7500000, 0x0000000715b00000)
  object space 365568K, 31% used [0x00000005c1000000,0x00000005c8183970,0x00000005d7500000)
 Metaspace       used 22442K, capacity 23336K, committed 23600K, reserved 1069056K
  class space    used 4772K, capacity 4844K, committed 4912K, reserved 1048576K
GC Heap History (8 events):
Event: 1.745 GC heap before
{Heap before GC invocations=1 (full 0):
 PSYoungGen      total 153088K, used 131584K [0x0000000715b00000, 0x0000000720580000, 0x00000007c0000000)
  eden space 131584K, 100% used [0x0000000715b00000,0x000000071db80000,0x000000071db80000)
  from space 21504K, 0% used [0x000000071f080000,0x000000071f080000,0x0000000720580000)
  to   space 21504K, 0% used [0x000000071db80000,0x000000071db80000,0x000000071f080000)
 ParOldGen       total 349696K, used 0K [0x00000005c1000000, 0x00000005d6580000, 0x0000000715b00000)
  object space 349696K, 0% used [0x00000005c1000000,0x00000005c1000000,0x00000005d6580000)
 Metaspace       used 14659K, capacity 14788K, committed 15104K, reserved 1060864K
  class space    used 3203K, capacity 3250K, committed 3328K, reserved 1048576K
Event: 1.768 GC heap after
Heap after GC invocations=1 (full 0):
 PSYoungGen      total 153088K, used 21490K [0x0000000715b00000, 0x0000000728600000, 0x00000007c0000000)
  eden space 131584K, 0% used [0x0000000715b00000,0x0000000715b00000,0x000000071db80000)
  from space 21504K, 99% used [0x000000071db80000,0x000000071f07c9d8,0x000000071f080000)
  to   space 21504K, 0% used [0x0000000727100000,0x0000000727100000,0x0000000728600000)
 ParOldGen       total 349696K, used 22425K [0x00000005c1000000, 0x00000005d6580000, 0x0000000715b00000)
  object space 349696K, 6% used [0x00000005c1000000,0x00000005c25e6760,0x00000005d6580000)
 Metaspace       used 14659K, capacity 14788K, committed 15104K, reserved 1060864K
  class space    used 3203K, capacity 3250K, committed 3328K, reserved 1048576K
}
Event: 2.126 GC heap before
{Heap before GC invocations=2 (full 0):
 PSYoungGen      total 153088K, used 153074K [0x0000000715b00000, 0x0000000728600000, 0x00000007c0000000)
  eden space 131584K, 100% used [0x0000000715b00000,0x000000071db80000,0x000000071db80000)
  from space 21504K, 99% used [0x000000071db80000,0x000000071f07c9d8,0x000000071f080000)
  to   space 21504K, 0% used [0x0000000727100000,0x0000000727100000,0x0000000728600000)
 ParOldGen       total 349696K, used 22425K [0x00000005c1000000, 0x00000005d6580000, 0x0000000715b00000)
  object space 349696K, 6% used [0x00000005c1000000,0x00000005c25e6760,0x00000005d6580000)
 Metaspace       used 15913K, capacity 16122K, committed 16256K, reserved 1062912K
  class space    used 3591K, capacity 3619K, committed 3712K, reserved 1048576K
Event: 2.160 GC heap after
Heap after GC invocations=2 (full 0):
 PSYoungGen      total 284672K, used 21475K [0x0000000715b00000, 0x0000000728600000, 0x00000007c0000000)
  eden space 263168K, 0% used [0x0000000715b00000,0x0000000715b00000,0x0000000725c00000)
  from space 21504K, 99% used [0x0000000727100000,0x00000007285f8de0,0x0000000728600000)
  to   space 21504K, 0% used [0x0000000725c00000,0x0000000725c00000,0x0000000727100000)
 ParOldGen       total 349696K, used 69361K [0x00000005c1000000, 0x00000005d6580000, 0x0000000715b00000)
  object space 349696K, 19% used [0x00000005c1000000,0x00000005c53bc548,0x00000005d6580000)
 Metaspace       used 15913K, capacity 16122K, committed 16256K, reserved 1062912K
  class space    used 3591K, capacity 3619K, committed 3712K, reserved 1048576K
}
Event: 3.925 GC heap before
{Heap before GC invocations=3 (full 0):
 PSYoungGen      total 284672K, used 221283K [0x0000000715b00000, 0x0000000728600000, 0x00000007c0000000)
  eden space 263168K, 75% used [0x0000000715b00000,0x0000000721e1ffd0,0x0000000725c00000)
  from space 21504K, 99% used [0x0000000727100000,0x00000007285f8de0,0x0000000728600000)
  to   space 21504K, 0% used [0x0000000725c00000,0x0000000725c00000,0x0000000727100000)
 ParOldGen       total 349696K, used 69361K [0x00000005c1000000, 0x00000005d6580000, 0x0000000715b00000)
  object space 349696K, 19% used [0x00000005c1000000,0x00000005c53bc548,0x00000005d6580000)
 Metaspace       used 20088K, capacity 21082K, committed 21296K, reserved 1067008K
  class space    used 4315K, capacity 4370K, committed 4400K, reserved 1048576K
Event: 3.956 GC heap after
Heap after GC invocations=3 (full 0):
 PSYoungGen      total 284672K, used 21474K [0x0000000715b00000, 0x0000000738700000, 0x00000007c0000000)
  eden space 263168K, 0% used [0x0000000715b00000,0x0000000715b00000,0x0000000725c00000)
  from space 21504K, 99% used [0x0000000725c00000,0x00000007270f89f8,0x0000000727100000)
  to   space 21504K, 0% used [0x0000000737200000,0x0000000737200000,0x0000000738700000)
 ParOldGen       total 349696K, used 102242K [0x00000005c1000000, 0x00000005d6580000, 0x0000000715b00000)
  object space 349696K, 29% used [0x00000005c1000000,0x00000005c73d8938,0x00000005d6580000)
 Metaspace       used 20088K, capacity 21082K, committed 21296K, reserved 1067008K
  class space    used 4315K, capacity 4370K, committed 4400K, reserved 1048576K
}
Event: 3.956 GC heap before
{Heap before GC invocations=4 (full 1):
 PSYoungGen      total 284672K, used 21474K [0x0000000715b00000, 0x0000000738700000, 0x00000007c0000000)
  eden space 263168K, 0% used [0x0000000715b00000,0x0000000715b00000,0x0000000725c00000)
  from space 21504K, 99% used [0x0000000725c00000,0x00000007270f89f8,0x0000000727100000)
  to   space 21504K, 0% used [0x0000000737200000,0x0000000737200000,0x0000000738700000)
 ParOldGen       total 349696K, used 102242K [0x00000005c1000000, 0x00000005d6580000, 0x0000000715b00000)
  object space 349696K, 29% used [0x00000005c1000000,0x00000005c73d8938,0x00000005d6580000)
 Metaspace       used 20088K, capacity 21082K, committed 21296K, reserved 1067008K
  class space    used 4315K, capacity 4370K, committed 4400K, reserved 1048576K
Event: 4.134 GC heap after
Heap after GC invocations=4 (full 1):
 PSYoungGen      total 284672K, used 0K [0x0000000715b00000, 0x0000000738700000, 0x00000007c0000000)
  eden space 263168K, 0% used [0x0000000715b00000,0x0000000715b00000,0x0000000725c00000)
  from space 21504K, 0% used [0x0000000725c00000,0x0000000725c00000,0x0000000727100000)
  to   space 21504K, 0% used [0x0000000737200000,0x0000000737200000,0x0000000738700000)
 ParOldGen       total 365568K, used 116238K [0x00000005c1000000, 0x00000005d7500000, 0x0000000715b00000)
  object space 365568K, 31% used [0x00000005c1000000,0x00000005c8183970,0x00000005d7500000)
 Metaspace       used 20028K, capacity 20922K, committed 21296K, reserved 1067008K
  class space    used 4313K, capacity 4362K, committed 4400K, reserved 1048576K
}

