# JRE version: Java(TM) SE Runtime Environment (8.0_77-b03) (build 1.8.0_77-b03)
# Java VM: Java HotSpot(TM) 64-Bit Server VM (25.77-b03 mixed mode windows-amd64 compressed oops)
Heap:
 PSYoungGen      total 284672K, used 46949K [0x0000000715b00000, 0x0000000738700000, 0x00000007c0000000)
  eden space 263168K, 17% used [0x0000000715b00000,0x00000007188d9510,0x0000000725c00000)
  from space 21504K, 0% used [0x0000000725c00000,0x0000000725c00000,0x0000000727100000)
  to   space 21504K, 0% used [0x0000000737200000,0x0000000737200000,0x0000000738700000)
 ParOldGen       total 365568K, used 116955K [0x00000005c1000000, 0x00000005d7500000, 0x0000000715b00000)
  object space 365568K, 31% used [0x00000005c1000000,0x00000005c8236e38,0x00000005d7500000)
 Metaspace       used 27063K, capacity 28058K, committed 28336K, reserved 1073152K
  class space    used 5404K, capacity 5495K, committed 5552K, reserved 1048576K
GC Heap History (8 events):
Event: 1.637 GC heap before
{Heap before GC invocations=1 (full 0):
 PSYoungGen      total 153088K, used 131584K [0x0000000715b00000, 0x0000000720580000, 0x00000007c0000000)
  eden space 131584K, 100% used [0x0000000715b00000,0x000000071db80000,0x000000071db80000)
  from space 21504K, 0% used [0x000000071f080000,0x000000071f080000,0x0000000720580000)
  to   space 21504K, 0% used [0x000000071db80000,0x000000071db80000,0x000000071f080000)
 ParOldGen       total 349696K, used 0K [0x00000005c1000000, 0x00000005d6580000, 0x0000000715b00000)
  object space 349696K, 0% used [0x00000005c1000000,0x00000005c1000000,0x00000005d6580000)
 Metaspace       used 14663K, capacity 14804K, committed 15104K, reserved 1060864K
  class space    used 3204K, capacity 3250K, committed 3328K, reserved 1048576K
Event: 1.661 GC heap after
Heap after GC invocations=1 (full 0):
 PSYoungGen      total 153088K, used 21474K [0x0000000715b00000, 0x0000000728600000, 0x00000007c0000000)
  eden space 131584K, 0% used [0x0000000715b00000,0x0000000715b00000,0x000000071db80000)
  from space 21504K, 99% used [0x000000071db80000,0x000000071f0789e8,0x000000071f080000)
  to   space 21504K, 0% used [0x0000000727100000,0x0000000727100000,0x0000000728600000)
 ParOldGen       total 349696K, used 22440K [0x00000005c1000000, 0x00000005d6580000, 0x0000000715b00000)
  object space 349696K, 6% used [0x00000005c1000000,0x00000005c25ea2e8,0x00000005d6580000)
 Metaspace       used 14663K, capacity 14804K, committed 15104K, reserved 1060864K
  class space    used 3204K, capacity 3250K, committed 3328K, reserved 1048576K
}
Event: 2.007 GC heap before
{Heap before GC invocations=2 (full 0):
 PSYoungGen      total 153088K, used 153058K [0x0000000715b00000, 0x0000000728600000, 0x00000007c0000000)
  eden space 131584K, 100% used [0x0000000715b00000,0x000000071db80000,0x000000071db80000)
  from space 21504K, 99% used [0x000000071db80000,0x000000071f0789e8,0x000000071f080000)
  to   space 21504K, 0% used [0x0000000727100000,0x0000000727100000,0x0000000728600000)
 ParOldGen       total 349696K, used 22440K [0x00000005c1000000, 0x00000005d6580000, 0x0000000715b00000)
  object space 349696K, 6% used [0x00000005c1000000,0x00000005c25ea2e8,0x00000005d6580000)
 Metaspace       used 15912K, capacity 16138K, committed 16256K, reserved 1062912K
  class space    used 3592K, capacity 3619K, committed 3712K, reserved 1048576K
Event: 2.038 GC heap after
Heap after GC invocations=2 (full 0):
 PSYoungGen      total 284672K, used 21491K [0x0000000715b00000, 0x0000000728600000, 0x00000007c0000000)
  eden space 263168K, 0% used [0x0000000715b00000,0x0000000715b00000,0x0000000725c00000)
  from space 21504K, 99% used [0x0000000727100000,0x00000007285fce00,0x0000000728600000)
  to   space 21504K, 0% used [0x0000000725c00000,0x0000000725c00000,0x0000000727100000)
 ParOldGen       total 349696K, used 68425K [0x00000005c1000000, 0x00000005d6580000, 0x0000000715b00000)
  object space 349696K, 19% used [0x00000005c1000000,0x00000005c52d27c8,0x00000005d6580000)
 Metaspace       used 15912K, capacity 16138K, committed 16256K, reserved 1062912K
  class space    used 3592K, capacity 3619K, committed 3712K, reserved 1048576K
}
Event: 3.778 GC heap before
{Heap before GC invocations=3 (full 0):
 PSYoungGen      total 284672K, used 226586K [0x0000000715b00000, 0x0000000728600000, 0x00000007c0000000)
  eden space 263168K, 77% used [0x0000000715b00000,0x0000000722349a38,0x0000000725c00000)
  from space 21504K, 99% used [0x0000000727100000,0x00000007285fce00,0x0000000728600000)
  to   space 21504K, 0% used [0x0000000725c00000,0x0000000725c00000,0x0000000727100000)
 ParOldGen       total 349696K, used 68425K [0x00000005c1000000, 0x00000005d6580000, 0x0000000715b00000)
  object space 349696K, 19% used [0x00000005c1000000,0x00000005c52d27c8,0x00000005d6580000)
 Metaspace       used 20200K, capacity 21162K, committed 21296K, reserved 1067008K
  class space    used 4318K, capacity 4370K, committed 4400K, reserved 1048576K
Event: 3.812 GC heap after
Heap after GC invocations=3 (full 0):
 PSYoungGen      total 284672K, used 21474K [0x0000000715b00000, 0x0000000738700000, 0x00000007c0000000)
  eden space 263168K, 0% used [0x0000000715b00000,0x0000000715b00000,0x0000000725c00000)
  from space 21504K, 99% used [0x0000000725c00000,0x00000007270f8a08,0x0000000727100000)
  to   space 21504K, 0% used [0x0000000737200000,0x0000000737200000,0x0000000738700000)
 ParOldGen       total 349696K, used 102415K [0x00000005c1000000, 0x00000005d6580000, 0x0000000715b00000)
  object space 349696K, 29% used [0x00000005c1000000,0x00000005c7403c48,0x00000005d6580000)
 Metaspace       used 20200K, capacity 21162K, committed 21296K, reserved 1067008K
  class space    used 4318K, capacity 4370K, committed 4400K, reserved 1048576K
}
Event: 3.812 GC heap before
{Heap before GC invocations=4 (full 1):
 PSYoungGen      total 284672K, used 21474K [0x0000000715b00000, 0x0000000738700000, 0x00000007c0000000)
  eden space 263168K, 0% used [0x0000000715b00000,0x0000000715b00000,0x0000000725c00000)
  from space 21504K, 99% used [0x0000000725c00000,0x00000007270f8a08,0x0000000727100000)
  to   space 21504K, 0% used [0x0000000737200000,0x0000000737200000,0x0000000738700000)
 ParOldGen       total 349696K, used 102415K [0x00000005c1000000, 0x00000005d6580000, 0x0000000715b00000)
  object space 349696K, 29% used [0x00000005c1000000,0x00000005c7403c48,0x00000005d6580000)
 Metaspace       used 20200K, capacity 21162K, committed 21296K, reserved 1067008K
  class space    used 4318K, capacity 4370K, committed 4400K, reserved 1048576K
Event: 3.987 GC heap after
Heap after GC invocations=4 (full 1):
 PSYoungGen      total 284672K, used 0K [0x0000000715b00000, 0x0000000738700000, 0x00000007c0000000)
  eden space 263168K, 0% used [0x0000000715b00000,0x0000000715b00000,0x0000000725c00000)
  from space 21504K, 0% used [0x0000000725c00000,0x0000000725c00000,0x0000000727100000)
  to   space 21504K, 0% used [0x0000000737200000,0x0000000737200000,0x0000000738700000)
 ParOldGen       total 365568K, used 116955K [0x00000005c1000000, 0x00000005d7500000, 0x0000000715b00000)
  object space 365568K, 31% used [0x00000005c1000000,0x00000005c8236e38,0x00000005d7500000)
 Metaspace       used 20150K, capacity 21016K, committed 21296K, reserved 1067008K
  class space    used 4316K, capacity 4364K, committed 4400K, reserved 1048576K
}

